[debug] [2025-11-08T04:41:41.196Z] ----------------------------------------------------------------------
[debug] [2025-11-08T04:41:41.198Z] Command:       /usr/local/share/nvm/versions/node/v22.21.1/bin/node /home/codespace/nvm/current/bin/firebase init
[debug] [2025-11-08T04:41:41.198Z] CLI Version:   14.24.1
[debug] [2025-11-08T04:41:41.198Z] Platform:      linux
[debug] [2025-11-08T04:41:41.198Z] Node Version:  v22.21.1
[debug] [2025-11-08T04:41:41.199Z] Time:          Sat Nov 08 2025 04:41:41 GMT+0000 (Coordinated Universal Time)
[debug] [2025-11-08T04:41:41.199Z] Env Overrides: GITHUB_API_URL, GITHUB_API_URL
[debug] [2025-11-08T04:41:41.199Z] ----------------------------------------------------------------------
[debug] 
[info] 
     ######## #### ########  ######## ########     ###     ######  ########
     ##        ##  ##     ## ##       ##     ##  ##   ##  ##       ##
     ######    ##  ########  ######   ########  #########  ######  ######
     ##        ##  ##    ##  ##       ##     ## ##     ##       ## ##
     ##       #### ##     ## ######## ########  ##     ##  ######  ########

You're about to initialize a Firebase project in this directory:

  /workspaces/MOTOFACIL-APP

Before we get started, keep in mind:

  * You are currently outside your home directory

[debug] [2025-11-08T04:44:03.829Z] ExitPromptError: User force closed the prompt with SIGINT
    at Interface.sigint (/usr/local/share/nvm/versions/node/v22.21.1/lib/node_modules/firebase-tools/node_modules/@inquirer/core/dist/commonjs/lib/create-prompt.js:101:37)
    at Interface.emit (node:events:519:28)
    at Interface.emit (node:domain:489:12)
    at [_ttyWrite] [as _ttyWrite] (node:internal/readline/interface:1134:18)
    at ReadStream.onkeypress (node:internal/readline/interface:271:20)
    at ReadStream.emit (node:events:531:35)
    at ReadStream.emit (node:domain:489:12)
    at emitKeys (node:internal/readline/utils:370:14)
    at emitKeys.next (<anonymous>)
    at ReadStream.onData (node:internal/readline/emitKeypressEvents:64:36)
[error] 
[error] Error: An unexpected error has occurred.
